<?xml version="1.0" encoding="UTF-8"?>
<testsuite xmlns:xsi="http://www.w3.org/2001/XMLSchema-instance" xsi:noNamespaceSchemaLocation="https://maven.apache.org/surefire/maven-surefire-plugin/xsd/surefire-test-report-3.0.xsd" version="3.0" name="com.example.model.ProductValidationTest" time="1.266" tests="2" errors="0" skipped="0" failures="0">
  <properties>
[...]
</properties>
  <testcase name="blankName_shouldFailValidation" classname="com.example.model.ProductValidationTest" time="0.227">
    <system-out><![CDATA[2026-04-28 17:04:29 [main] INFO  o.h.validator.internal.util.Version - HV000001: Hibernate Validator 8.0.1.Final
]]></system-out>
  </testcase>
  <testcase name="negativePrice_shouldFailValidation" classname="com.example.model.ProductValidationTest" time="0.006"/>
</testsuite>